Determining if the pthread_create exist failed with the following output:
Change Dir: /home/user/ros_s/arhand/build/ar10l_moveit/CMakeFiles/CMakeTmp

Run Build Command:"/usr/bin/make" "cmTC_0896d/fast"
/usr/bin/make -f CMakeFiles/cmTC_0896d.dir/build.make CMakeFiles/cmTC_0896d.dir/build
make[1]: Entering directory '/home/user/ros_s/arhand/build/ar10l_moveit/CMakeFiles/CMakeTmp'
Building C object CMakeFiles/cmTC_0896d.dir/CheckSymbolExists.c.o
/usr/bin/cc     -o CMakeFiles/cmTC_0896d.dir/CheckSymbolExists.c.o   -c /home/user/ros_s/arhand/build/ar10l_moveit/CMakeFiles/CMakeTmp/CheckSymbolExists.c
Linking C executable cmTC_0896d
/usr/bin/cmake -E cmake_link_script CMakeFiles/cmTC_0896d.dir/link.txt --verbose=1
/usr/bin/cc       CMakeFiles/cmTC_0896d.dir/CheckSymbolExists.c.o  -o cmTC_0896d -rdynamic 
CMakeFiles/cmTC_0896d.dir/CheckSymbolExists.c.o: In function `main':
CheckSymbolExists.c:(.text+0x16): undefined reference to `pthread_create'
collect2: error: ld returned 1 exit status
CMakeFiles/cmTC_0896d.dir/build.make:97: recipe for target 'cmTC_0896d' failed
make[1]: *** [cmTC_0896d] Error 1
make[1]: Leaving directory '/home/user/ros_s/arhand/build/ar10l_moveit/CMakeFiles/CMakeTmp'
Makefile:126: recipe for target 'cmTC_0896d/fast' failed
make: *** [cmTC_0896d/fast] Error 2

File /home/user/ros_s/arhand/build/ar10l_moveit/CMakeFiles/CMakeTmp/CheckSymbolExists.c:
/* */
#include <pthread.h>

int main(int argc, char** argv)
{
  (void)argv;
#ifndef pthread_create
  return ((int*)(&pthread_create))[argc];
#else
  (void)argc;
  return 0;
#endif
}

Determining if the function pthread_create exists in the pthreads failed with the following output:
Change Dir: /home/user/ros_s/arhand/build/ar10l_moveit/CMakeFiles/CMakeTmp

Run Build Command:"/usr/bin/make" "cmTC_face7/fast"
/usr/bin/make -f CMakeFiles/cmTC_face7.dir/build.make CMakeFiles/cmTC_face7.dir/build
make[1]: Entering directory '/home/user/ros_s/arhand/build/ar10l_moveit/CMakeFiles/CMakeTmp'
Building C object CMakeFiles/cmTC_face7.dir/CheckFunctionExists.c.o
/usr/bin/cc    -DCHECK_FUNCTION_EXISTS=pthread_create   -o CMakeFiles/cmTC_face7.dir/CheckFunctionExists.c.o   -c /usr/share/cmake-3.5/Modules/CheckFunctionExists.c
Linking C executable cmTC_face7
/usr/bin/cmake -E cmake_link_script CMakeFiles/cmTC_face7.dir/link.txt --verbose=1
/usr/bin/cc   -DCHECK_FUNCTION_EXISTS=pthread_create    CMakeFiles/cmTC_face7.dir/CheckFunctionExists.c.o  -o cmTC_face7 -rdynamic -lpthreads 
/usr/bin/ld: cannot find -lpthreads
collect2: error: ld returned 1 exit status
CMakeFiles/cmTC_face7.dir/build.make:97: recipe for target 'cmTC_face7' failed
make[1]: *** [cmTC_face7] Error 1
make[1]: Leaving directory '/home/user/ros_s/arhand/build/ar10l_moveit/CMakeFiles/CMakeTmp'
Makefile:126: recipe for target 'cmTC_face7/fast' failed
make: *** [cmTC_face7/fast] Error 2


